<?xml version="1.0" encoding="UTF-8"?>
<!-- Generated by org.testng.reporters.JUnitReportReporter -->
<testsuite hostname="CISPL-IO-181" failures="0" tests="3" name="TestRunner.CucumberTestRunnerForTags" time="0.217" errors="0" timestamp="2024-04-18T18:29:11 IST" skipped="0">
  <testcase classname="TestRunner.CucumberTestRunnerForTags" name="runScenario" time="0.186"/>
  <testcase classname="TestRunner.CucumberTestRunnerForTags" name="runScenario" time="0.012"/>
  <testcase classname="TestRunner.CucumberTestRunnerForTags" name="runScenario" time="0.019"/>
</testsuite> <!-- TestRunner.CucumberTestRunnerForTags -->
