<?xml version="1.0" encoding="UTF-8"?>
<!-- Generated by org.testng.reporters.JUnitReportReporter -->
<testsuite hostname="CISPL-IO-181" failures="0" tests="1" name="TestRunner.CucumberTestRunner" time="12.568" errors="0" timestamp="2024-04-15T19:45:49 IST" skipped="0">
  <testcase classname="TestRunner.CucumberTestRunner" name="runScenario" time="12.568"/>
</testsuite> <!-- TestRunner.CucumberTestRunner -->
