<?xml version="1.0" encoding="UTF-8"?>
<!-- Generated by org.testng.reporters.JUnitReportReporter -->
<testsuite hostname="CISPL-IO-181" failures="0" tests="1" name="TestRunner.CucumberTestRunner" time="18.686" errors="0" timestamp="2024-04-23T17:56:00 IST" skipped="0">
  <testcase classname="TestRunner.CucumberTestRunner" name="runScenario" time="18.686"/>
</testsuite> <!-- TestRunner.CucumberTestRunner -->
