<?xml version="1.0" encoding="UTF-8"?>
<!-- Generated by org.testng.reporters.JUnitReportReporter -->
<testsuite hostname="CISPL-IO-181" failures="0" tests="3" name="TestRunner.CucumberTestRunnerForTags" time="0.195" errors="0" timestamp="2024-04-23T18:01:33 IST" skipped="0">
  <testcase classname="TestRunner.CucumberTestRunnerForTags" name="runScenario" time="0.161"/>
  <testcase classname="TestRunner.CucumberTestRunnerForTags" name="runScenario" time="0.018"/>
  <testcase classname="TestRunner.CucumberTestRunnerForTags" name="runScenario" time="0.016"/>
</testsuite> <!-- TestRunner.CucumberTestRunnerForTags -->
